

> @vtt/client@0.0.0 build /home/weningerii/vtt/apps/client
> vite build

[36mvite v7.1.3 [32mbuilding for production...[36m[39m
[2K[1Gtransforming (1) [2msrc/index.tsx[22m[2K[1Gtransforming (9) [2mnode_modules/react/cjs/react.production.min.js[[2K[1Gtransforming (44) [2msrc/pages/CampaignBrowser.tsx[22m[2K[1Gtransforming (66) [2msrc/components/sessions/CreateSessionModal.tsx[2K[1Gtransforming (1072) [2mnode_modules/lucide-react/dist/esm/icons/scan[2K[1Gtransforming (1411) [2m../../packages/core-schemas/src/http.js[22m[2K[1Gtransforming (1688) [2mnode_modules/date-fns/startOfWeekYear.mjs[22[2K[1G[32m✓[39m 1777 modules transformed.
[2K[1Grendering chunks (1)...[2K[1Grendering chunks (2)...[2K[1Grendering chunks (3)...[2K[1Grendering chunks (4)...[2K[1Grendering chunks (5)...[2K[1Grendering chunks (6)...[2K[1Grendering chunks (7)...[2K[1Grendering chunks (8)...[2K[1Grendering chunks (9)...[2K[1Grendering chunks (10)...[2K[1Grendering chunks (11)...[2K[1Grendering chunks (12)...[2K[1Grendering chunks (13)...[2K[1Grendering chunks (14)...[2K[1Grendering chunks (15)...[2K[1Grendering chunks (16)...[2K[1Grendering chunks (17)...[2K[1Grendering chunks (18)...[2K[1Grendering chunks (19)...[2K[1Grendering chunks (20)...[2K[1Grendering chunks (21)...[2K[1Grendering chunks (22)...[2K[1Grendering chunks (23)...[2K[1Grendering chunks (24)...[2K[1Grendering chunks (25)...[2K[1Grendering chunks (26)...[2K[1Grendering chunks (27)...[2K[1Grendering chunks (28)...[2K[1Grendering chunks (29)...[2K[1Grendering chunks (30)...[2K[1Grendering chunks (31)...[2K[1Grendering chunks (32)...[2K[1Grendering chunks (33)...[2K[1Grendering chunks (34)...[2K[1G[2K[1Gcomputing gzip size (0)...[2K[1Gcomputing gzip size (1)...[2K[1Gcomputing gzip size (2)...[2K[1Gcomputing gzip size (3)...[2K[1Gcomputing gzip size (4)...[2K[1Gcomputing gzip size (5)...[2K[1Gcomputing gzip size (6)...[2K[1Gcomputing gzip size (7)...[2K[1Gcomputing gzip size (8)...[2K[1Gcomputing gzip size (9)...[2K[1Gcomputing gzip size (10)...[2K[1Gcomputing gzip size (11)...[2K[1Gcomputing gzip size (12)...[2K[1Gcomputing gzip size (13)...[2K[1Gcomputing gzip size (14)...[2K[1Gcomputing gzip size (15)...[2K[1Gcomputing gzip size (16)...[2K[1Gcomputing gzip size (17)...[2K[1Gcomputing gzip size (18)...[2K[1Gcomputing gzip size (19)...[2K[1Gcomputing gzip size (20)...[2K[1Gcomputing gzip size (21)...[2K[1Gcomputing gzip size (22)...[2K[1Gcomputing gzip size (23)...[2K[1Gcomputing gzip size (24)...[2K[1Gcomputing gzip size (25)...[2K[1Gcomputing gzip size (26)...[2K[1Gcomputing gzip size (27)...[2K[1Gcomputing gzip size (28)...[2K[1Gcomputing gzip size (29)...[2K[1Gcomputing gzip size (30)...[2K[1Gcomputing gzip size (31)...[2K[1Gcomputing gzip size (32)...[2K[1Gcomputing gzip size (33)...[2K[1Gcomputing gzip size (34)...[2K[1Gcomputing gzip size (35)...[2K[1Gcomputing gzip size (36)...[2K[1G[2mdist/[22m[32mindex.html                               [39m[1m[2m  1.85 kB[22m[1m[22m[2m │ gzip:  0.70 kB[22m
[2mdist/[22m[2massets/[22m[35mindex-C8FKSsvv.css                [39m[1m[2m 26.79 kB[22m[1m[22m[2m │ gzip:  6.76 kB[22m
[2mdist/[22m[2massets/[22m[36mplay-ByJWQUsj.js                  [39m[1m[2m  0.35 kB[22m[1m[22m[2m │ gzip:  0.28 kB[22m[2m │ map:   0.75 kB[22m
[2mdist/[22m[2massets/[22m[36mcrown-CtzTEpFn.js                 [39m[1m[2m  0.36 kB[22m[1m[22m[2m │ gzip:  0.29 kB[22m[2m │ map:   0.77 kB[22m
[2mdist/[22m[2massets/[22m[36mplus-DeaeWsfM.js                  [39m[1m[2m  0.37 kB[22m[1m[22m[2m │ gzip:  0.29 kB[22m[2m │ map:   0.82 kB[22m
[2mdist/[22m[2massets/[22m[36marrow-left-CgNgZndy.js            [39m[1m[2m  0.38 kB[22m[1m[22m[2m │ gzip:  0.30 kB[22m[2m │ map:   0.87 kB[22m
[2mdist/[22m[2massets/[22m[36mclock-DtdduGwC.js                 [39m[1m[2m  0.39 kB[22m[1m[22m[2m │ gzip:  0.30 kB[22m[2m │ map:   0.89 kB[22m
[2mdist/[22m[2massets/[22m[36meye-BWK--DzY.js                   [39m[1m[2m  0.41 kB[22m[1m[22m[2m │ gzip:  0.31 kB[22m[2m │ map:   0.89 kB[22m
[2mdist/[22m[2massets/[22m[36muser-TPQwbuZZ.js                  [39m[1m[2m  0.41 kB[22m[1m[22m[2m │ gzip:  0.32 kB[22m[2m │ map:   0.90 kB[22m
[2mdist/[22m[2massets/[22m[36mlock-CdQdL2d5.js                  [39m[1m[2m  0.42 kB[22m[1m[22m[2m │ gzip:  0.33 kB[22m[2m │ map:   0.94 kB[22m
[2mdist/[22m[2massets/[22m[36munlock-CvPuqW7-.js                [39m[1m[2m  0.42 kB[22m[1m[22m[2m │ gzip:  0.33 kB[22m[2m │ map:   0.96 kB[22m
[2mdist/[22m[2massets/[22m[36mstar-guIXXJPQ.js                  [39m[1m[2m  0.42 kB[22m[1m[22m[2m │ gzip:  0.32 kB[22m[2m │ map:   0.85 kB[22m
[2mdist/[22m[2massets/[22m[36msave-CQ4q2fdg.js                  [39m[1m[2m  0.49 kB[22m[1m[22m[2m │ gzip:  0.35 kB[22m[2m │ map:   1.02 kB[22m
[2mdist/[22m[2massets/[22m[36mtrash-2-FW-cwXFt.js               [39m[1m[2m  0.57 kB[22m[1m[22m[2m │ gzip:  0.39 kB[22m[2m │ map:   1.32 kB[22m
[2mdist/[22m[2massets/[22m[36meye-off-B64luW2J.js               [39m[1m[2m  0.61 kB[22m[1m[22m[2m │ gzip:  0.42 kB[22m[2m │ map:   1.30 kB[22m
[2mdist/[22m[2massets/[22m[36mzap-y4dZmJRJ.js                   [39m[1m[2m  0.64 kB[22m[1m[22m[2m │ gzip:  0.36 kB[22m[2m │ map:   1.39 kB[22m
[2mdist/[22m[2massets/[22m[36mSettings-DOtJ1eSV.js              [39m[1m[2m  0.64 kB[22m[1m[22m[2m │ gzip:  0.39 kB[22m[2m │ map:   1.40 kB[22m
[2mdist/[22m[2massets/[22m[36mx-W_aYruMr.js                     [39m[1m[2m  0.79 kB[22m[1m[22m[2m │ gzip:  0.40 kB[22m[2m │ map:   1.80 kB[22m
[2mdist/[22m[2massets/[22m[36msettings-59tqGZNC.js              [39m[1m[2m  0.94 kB[22m[1m[22m[2m │ gzip:  0.48 kB[22m[2m │ map:   1.48 kB[22m
[2mdist/[22m[2massets/[22m[36mmail-D0VNL-9Z.js                  [39m[1m[2m  0.95 kB[22m[1m[22m[2m │ gzip:  0.53 kB[22m[2m │ map:   1.93 kB[22m
[2mdist/[22m[2massets/[22m[36mwifi-asUPR1tf.js                  [39m[1m[2m  1.19 kB[22m[1m[22m[2m │ gzip:  0.51 kB[22m[2m │ map:   2.78 kB[22m
[2mdist/[22m[2massets/[22m[36mInput-B7eo9Ax_.js                 [39m[1m[2m  3.41 kB[22m[1m[22m[2m │ gzip:  1.44 kB[22m[2m │ map:   9.91 kB[22m
[2mdist/[22m[2massets/[22m[36mLoginPage-akT6t37v.js             [39m[1m[2m  5.11 kB[22m[1m[22m[2m │ gzip:  1.98 kB[22m[2m │ map:  13.49 kB[22m
[2mdist/[22m[2massets/[22m[36mMapLayersPanel-DFoIpHfH.js        [39m[1m[2m  6.93 kB[22m[1m[22m[2m │ gzip:  2.50 kB[22m[2m │ map:  19.59 kB[22m
[2mdist/[22m[2massets/[22m[36mRegisterPage-DhPOGlV-.js          [39m[1m[2m  7.52 kB[22m[1m[22m[2m │ gzip:  2.61 kB[22m[2m │ map:  19.89 kB[22m
[2mdist/[22m[2massets/[22m[36mButton-Ci9ojuUv.js                [39m[1m[2m  8.25 kB[22m[1m[22m[2m │ gzip:  3.01 kB[22m[2m │ map:  25.21 kB[22m
[2mdist/[22m[2massets/[22m[36mTokenPropertiesPanel-DfcSZGE3.js  [39m[1m[2m 10.50 kB[22m[1m[22m[2m │ gzip:  3.36 kB[22m[2m │ map:  26.80 kB[22m
[2mdist/[22m[2massets/[22m[36mWelcomeModal-xNsT_jOn.js          [39m[1m[2m 11.83 kB[22m[1m[22m[2m │ gzip:  3.13 kB[22m[2m │ map:  24.04 kB[22m
[2mdist/[22m[2massets/[22m[36mLandingPage-l6j2nNgI.js           [39m[1m[2m 13.95 kB[22m[1m[22m[2m │ gzip:  3.54 kB[22m[2m │ map:  28.72 kB[22m
[2mdist/[22m[2massets/[22m[36mCampaignBrowser-DMZas6Rm.js       [39m[1m[2m 14.13 kB[22m[1m[22m[2m │ gzip:  4.07 kB[22m[2m │ map:  39.53 kB[22m
[2mdist/[22m[2massets/[22m[36mDashboard-DWmVzHoJ.js             [39m[1m[2m 14.24 kB[22m[1m[22m[2m │ gzip:  3.98 kB[22m[2m │ map:  41.24 kB[22m
[2mdist/[22m[2massets/[22m[36msessions-BD2q6bHk.js              [39m[1m[2m 42.94 kB[22m[1m[22m[2m │ gzip: 16.55 kB[22m[2m │ map: 193.18 kB[22m
[2mdist/[22m[2massets/[22m[36mCharacterEditor-CXF6fSV9.js       [39m[1m[2m 59.45 kB[22m[1m[22m[2m │ gzip: 11.96 kB[22m[2m │ map: 175.65 kB[22m
[2mdist/[22m[2massets/[22m[36mGameSession-BcGhbJuv.js           [39m[1m[2m 74.48 kB[22m[1m[22m[2m │ gzip: 19.88 kB[22m[2m │ map: 304.18 kB[22m
[2mdist/[22m[2massets/[22m[36mindex-BhYgQF6n.js                 [39m[1m[2m123.21 kB[22m[1m[22m[2m │ gzip: 36.46 kB[22m[2m │ map: 489.49 kB[22m
[2mdist/[22m[2massets/[22m[36mreact-vendor-D3F3s8fL.js          [39m[1m[2m141.77 kB[22m[1m[22m[2m │ gzip: 45.52 kB[22m[2m │ map: 344.92 kB[22m
[32m✓ built in 2.44s[39m
