

> @vtt/auth-service@0.0.0 build /home/weningerii/vtt/services/auth
> tsc -b

[96m../../packages/monitoring/src/HealthCheck.ts[0m:[93m97[0m:[93m24[0m - [91merror[0m[90m TS2552: [0mCannot find name 'reject'. Did you mean '__reject'?

[7m97[0m       setTimeout(() => reject(new Error("Health check timeout")), check.timeout);
[7m  [0m [91m                       ~~~~~~[0m

  [96m../../packages/monitoring/src/HealthCheck.ts[0m:[93m96[0m:[93m52[0m
    [7m96[0m     const timeoutPromise = new Promise<never>((__, __reject) => {
    [7m  [0m [96m                                                   ~~~~~~~~[0m
    '__reject' is declared here.

[96m../../packages/monitoring/src/ObservabilityManager.ts[0m:[93m6[0m:[93m38[0m - [91merror[0m[90m TS2307: [0mCannot find module './Logger' or its corresponding type declarations.

[7m6[0m import { Logger, LoggerConfig } from "./Logger";
[7m [0m [91m                                     ~~~~~~~~~~[0m

[96m../../packages/monitoring/src/ObservabilityManager.ts[0m:[93m7[0m:[93m79[0m - [91merror[0m[90m TS2307: [0mCannot find module './Metrics' or its corresponding type declarations.

[7m7[0m import { MetricsRegistry, SystemMetricsCollector, GameMetricsCollector } from "./Metrics";
[7m [0m [91m                                                                              ~~~~~~~~~~~[0m

[96m../../packages/monitoring/src/ObservabilityManager.ts[0m:[93m205[0m:[93m15[0m - [91merror[0m[90m TS2693: [0m'Record' only refers to a type, but is being used as a value here.

[7m205[0m         tags: Record<string, any>,
[7m   [0m [91m              ~~~~~~[0m

[96m../../packages/monitoring/src/ObservabilityManager.ts[0m:[93m216[0m:[93m13[0m - [91merror[0m[90m TS2693: [0m'Record' only refers to a type, but is being used as a value here.

[7m216[0m       tags: Record<string, any>,
[7m   [0m [91m            ~~~~~~[0m

[96m../../packages/monitoring/src/ObservabilityManager.ts[0m:[93m270[0m:[93m33[0m - [91merror[0m[90m TS2552: [0mCannot find name 'operationName'. Did you mean '_operationName'?

[7m270[0m     const span = this.startSpan(operationName);
[7m   [0m [91m                                ~~~~~~~~~~~~~[0m

  [96m../../packages/monitoring/src/ObservabilityManager.ts[0m:[93m266[0m:[93m5[0m
    [7m266[0m     _operationName: string,
    [7m   [0m [96m    ~~~~~~~~~~~~~~~~~~~~~~[0m
    '_operationName' is declared here.

[96m../../packages/monitoring/src/ObservabilityManager.ts[0m:[93m274[0m:[93m28[0m - [91merror[0m[90m TS2552: [0mCannot find name 'operation'. Did you mean '_operation'?

[7m274[0m       const result = await operation();
[7m   [0m [91m                           ~~~~~~~~~[0m

  [96m../../packages/monitoring/src/ObservabilityManager.ts[0m:[93m267[0m:[93m5[0m
    [7m267[0m     _operation: () => Promise<T>,
    [7m   [0m [96m    ~~~~~~~~~~~~~~~~~~~~~~~~~~~~[0m
    '_operation' is declared here.

[96m../../packages/monitoring/src/ObservabilityManager.ts[0m:[93m278[0m:[93m30[0m - [91merror[0m[90m TS2552: [0mCannot find name 'operationName'. Did you mean '_operationName'?

[7m278[0m       this.recordPerformance(operationName, duration, { success: true, ...context });
[7m   [0m [91m                             ~~~~~~~~~~~~~[0m

  [96m../../packages/monitoring/src/ObservabilityManager.ts[0m:[93m266[0m:[93m5[0m
    [7m266[0m     _operationName: string,
    [7m   [0m [96m    ~~~~~~~~~~~~~~~~~~~~~~[0m
    '_operationName' is declared here.

[96m../../packages/monitoring/src/ObservabilityManager.ts[0m:[93m286[0m:[93m30[0m - [91merror[0m[90m TS2552: [0mCannot find name 'operationName'. Did you mean '_operationName'?

[7m286[0m       this.recordPerformance(operationName, duration, { success: false, ...context });
[7m   [0m [91m                             ~~~~~~~~~~~~~[0m

  [96m../../packages/monitoring/src/ObservabilityManager.ts[0m:[93m266[0m:[93m5[0m
    [7m266[0m     _operationName: string,
    [7m   [0m [96m    ~~~~~~~~~~~~~~~~~~~~~~[0m
    '_operationName' is declared here.

[96m../../packages/monitoring/src/ObservabilityManager.ts[0m:[93m287[0m:[93m46[0m - [91merror[0m[90m TS2552: [0mCannot find name 'operationName'. Did you mean '_operationName'?

[7m287[0m       this.logger.error(`Operation failed: ${operationName}`, error as Error, context);
[7m   [0m [91m                                             ~~~~~~~~~~~~~[0m

  [96m../../packages/monitoring/src/ObservabilityManager.ts[0m:[93m266[0m:[93m5[0m
    [7m266[0m     _operationName: string,
    [7m   [0m [96m    ~~~~~~~~~~~~~~~~~~~~~~[0m
    '_operationName' is declared here.

[96m../../packages/monitoring/src/ObservabilityManager.ts[0m:[93m294[0m:[93m33[0m - [91merror[0m[90m TS2552: [0mCannot find name 'operationName'. Did you mean '_operationName'?

[7m294[0m     const span = this.startSpan(operationName);
[7m   [0m [91m                                ~~~~~~~~~~~~~[0m

  [96m../../packages/monitoring/src/ObservabilityManager.ts[0m:[93m293[0m:[93m14[0m
    [7m293[0m   measure<T>(_operationName: string, _operation: () => T, context?: Record<string, any>): T {
    [7m   [0m [96m             ~~~~~~~~~~~~~~~~~~~~~~[0m
    '_operationName' is declared here.

[96m../../packages/monitoring/src/ObservabilityManager.ts[0m:[93m298[0m:[93m22[0m - [91merror[0m[90m TS2552: [0mCannot find name 'operation'. Did you mean '_operation'?

[7m298[0m       const result = operation();
[7m   [0m [91m                     ~~~~~~~~~[0m

  [96m../../packages/monitoring/src/ObservabilityManager.ts[0m:[93m293[0m:[93m38[0m
    [7m293[0m   measure<T>(_operationName: string, _operation: () => T, context?: Record<string, any>): T {
    [7m   [0m [96m                                     ~~~~~~~~~~~~~~~~~~~[0m
    '_operation' is declared here.

[96m../../packages/monitoring/src/ObservabilityManager.ts[0m:[93m302[0m:[93m30[0m - [91merror[0m[90m TS2552: [0mCannot find name 'operationName'. Did you mean '_operationName'?

[7m302[0m       this.recordPerformance(operationName, duration, { success: true, ...context });
[7m   [0m [91m                             ~~~~~~~~~~~~~[0m

  [96m../../packages/monitoring/src/ObservabilityManager.ts[0m:[93m293[0m:[93m14[0m
    [7m293[0m   measure<T>(_operationName: string, _operation: () => T, context?: Record<string, any>): T {
    [7m   [0m [96m             ~~~~~~~~~~~~~~~~~~~~~~[0m
    '_operationName' is declared here.

[96m../../packages/monitoring/src/ObservabilityManager.ts[0m:[93m310[0m:[93m30[0m - [91merror[0m[90m TS2552: [0mCannot find name 'operationName'. Did you mean '_operationName'?

[7m310[0m       this.recordPerformance(operationName, duration, { success: false, ...context });
[7m   [0m [91m                             ~~~~~~~~~~~~~[0m

  [96m../../packages/monitoring/src/ObservabilityManager.ts[0m:[93m293[0m:[93m14[0m
    [7m293[0m   measure<T>(_operationName: string, _operation: () => T, context?: Record<string, any>): T {
    [7m   [0m [96m             ~~~~~~~~~~~~~~~~~~~~~~[0m
    '_operationName' is declared here.

[96m../../packages/monitoring/src/ObservabilityManager.ts[0m:[93m311[0m:[93m46[0m - [91merror[0m[90m TS2304: [0mCannot find name 'operationName'.

[7m311[0m       this.logger.error(`Operation failed: ${operationName}`, error as Error, context);
[7m   [0m [91m                                             ~~~~~~~~~~~~~[0m

[96m../../packages/monitoring/src/ObservabilityManager.ts[0m:[93m451[0m:[93m63[0m - [91merror[0m[90m TS2693: [0m'Record' only refers to a type, but is being used as a value here.

[7m451[0m         memory: process.memoryUsage ? process.memoryUsage() : Record<string, any>,
[7m   [0m [91m                                                              ~~~~~~[0m

[96m../../packages/monitoring/src/index.ts[0m:[93m44[0m:[93m33[0m - [91merror[0m[90m TS2304: [0mCannot find name 'config'.

[7m44[0m   return { ...defaultConfig, ...config }; // Placeholder until ObservabilityManager exists
[7m  [0m [91m                                ~~~~~~[0m

[96m../../packages/monitoring/src/logger.ts[0m:[93m350[0m:[93m61[0m - [91merror[0m[90m TS2345: [0mArgument of type 'unknown' is not assignable to parameter of type 'Record<string, any> | undefined'.

[7m350[0m       logger.error("Failed to send logs to HTTP endpoint:", error);
[7m   [0m [91m                                                            ~~~~~[0m

[96m../../packages/monitoring/src/telemetry.ts[0m:[93m80[0m:[93m7[0m - [91merror[0m[90m TS2322: [0mType 'PeriodicExportingMetricReader' is not assignable to type 'MetricReader'.
  Types have separate declarations of a private property '_shutdown'.

[7m80[0m       metricReader,
[7m  [0m [91m      ~~~~~~~~~~~~[0m

[96m../../packages/monitoring/src/telemetry.ts[0m:[93m88[0m:[93m67[0m - [91merror[0m[90m TS2339: [0mProperty 'headers' does not exist on type 'ClientRequest | IncomingMessage'.
  Property 'headers' does not exist on type 'ClientRequest'.

[7m88[0m               span.setAttribute("http.request.body.size", request.headers["content-length"] || 0);
[7m  [0m [91m                                                                  ~~~~~~~[0m

[96m../../packages/monitoring/src/telemetry.ts[0m:[93m91[0m:[93m69[0m - [91merror[0m[90m TS2339: [0mProperty 'headers' does not exist on type 'IncomingMessage | ServerResponse<IncomingMessage>'.
  Property 'headers' does not exist on type 'ServerResponse<IncomingMessage>'.

[7m91[0m               span.setAttribute("http.response.body.size", response.headers["content-length"] || 0);
[7m  [0m [91m                                                                    ~~~~~~~[0m

