

> @vtt/net@0.0.0 build /home/weningerii/vtt/packages/net
> tsc -b

[96m../logging/src/index.ts[0m:[93m5[0m:[93m18[0m - [91merror[0m[90m TS2307: [0mCannot find module 'pino' or its corresponding type declarations.

[7m5[0m import pino from "pino";
[7m [0m [91m                 ~~~~~~[0m

[96m../logging/src/index.ts[0m:[93m7[0m:[93m25[0m - [91merror[0m[90m TS2307: [0mCannot find module '@opentelemetry/sdk-node' or its corresponding type declarations.

[7m7[0m import { NodeSDK } from "@opentelemetry/sdk-node";
[7m [0m [91m                        ~~~~~~~~~~~~~~~~~~~~~~~~~[0m

[96m../logging/src/index.ts[0m:[93m8[0m:[93m43[0m - [91merror[0m[90m TS2307: [0mCannot find module '@opentelemetry/sdk-node' or its corresponding type declarations.

[7m8[0m import type { NodeSDKConfiguration } from "@opentelemetry/sdk-node";
[7m [0m [91m                                          ~~~~~~~~~~~~~~~~~~~~~~~~~[0m

[96m../logging/src/index.ts[0m:[93m9[0m:[93m45[0m - [91merror[0m[90m TS2307: [0mCannot find module '@opentelemetry/auto-instrumentations-node' or its corresponding type declarations.

[7m9[0m import { getNodeAutoInstrumentations } from "@opentelemetry/auto-instrumentations-node";
[7m [0m [91m                                            ~~~~~~~~~~~~~~~~~~~~~~~~~~~~~~~~~~~~~~~~~~~[0m

[96m../logging/src/index.ts[0m:[93m10[0m:[93m26[0m - [91merror[0m[90m TS2307: [0mCannot find module '@opentelemetry/resources' or its corresponding type declarations.

[7m10[0m import { Resource } from "@opentelemetry/resources";
[7m  [0m [91m                         ~~~~~~~~~~~~~~~~~~~~~~~~~~[0m

[96m../logging/src/index.ts[0m:[93m11[0m:[93m44[0m - [91merror[0m[90m TS2307: [0mCannot find module '@opentelemetry/semantic-conventions' or its corresponding type declarations.

[7m11[0m import { SemanticResourceAttributes } from "@opentelemetry/semantic-conventions";
[7m  [0m [91m                                           ~~~~~~~~~~~~~~~~~~~~~~~~~~~~~~~~~~~~~[0m

[96m../logging/src/index.ts[0m:[93m12[0m:[93m35[0m - [91merror[0m[90m TS2307: [0mCannot find module '@opentelemetry/exporter-trace-otlp-http' or its corresponding type declarations.

[7m12[0m import { OTLPTraceExporter } from "@opentelemetry/exporter-trace-otlp-http";
[7m  [0m [91m                                  ~~~~~~~~~~~~~~~~~~~~~~~~~~~~~~~~~~~~~~~~~[0m

[96m../logging/src/index.ts[0m:[93m279[0m:[93m29[0m - [91merror[0m[90m TS2307: [0mCannot find module 'pino' or its corresponding type declarations.

[7m279[0m export type { Logger } from "pino";
[7m   [0m [91m                            ~~~~~~[0m

